<?xml version="1.0" encoding="UTF-8"?>
<testng-results ignored="0" total="2" passed="2" failed="0" skipped="0">
  <reporter-output>
  </reporter-output>
  <suite started-at="2022-03-30T20:31:56 IST" name="Selenium Cucumber TestNG" finished-at="2022-03-30T20:32:11 IST" duration-ms="15106">
    <groups>
      <group name="cucumber">
        <method signature="AbstractTestNGCucumberTests.runScenario(io.cucumber.testng.PickleWrapper, io.cucumber.testng.FeatureWrapper)[pri:0, instance:runner.TestRunner@1c72da34]" name="runScenario" class="io.cucumber.testng.AbstractTestNGCucumberTests"/>
      </group> <!-- cucumber -->
    </groups>
    <test started-at="2022-03-30T20:31:56 IST" name="Login" finished-at="2022-03-30T20:32:11 IST" duration-ms="15106">
      <class name="runner.TestRunner">
        <test-method is-config="true" signature="setUpClass()[pri:0, instance:runner.TestRunner@1c72da34]" started-at="2022-03-30T20:31:56 IST" name="setUpClass" finished-at="2022-03-30T20:31:56 IST" duration-ms="272" status="PASS">
          <reporter-output>
          </reporter-output>
        </test-method> <!-- setUpClass -->
        <test-method signature="runScenario(io.cucumber.testng.PickleWrapper, io.cucumber.testng.FeatureWrapper)[pri:0, instance:runner.TestRunner@1c72da34]" started-at="2022-03-30T20:31:56 IST" name="runScenario" description="Runs Cucumber Scenarios" data-provider="scenarios" finished-at="2022-03-30T20:32:03 IST" duration-ms="7160" status="PASS">
          <params>
            <param index="0">
              <value>
                <![CDATA["Verify Customer is able to add and delete a pet from Pet Store"]]>
              </value>
            </param>
            <param index="1">
              <value>
                <![CDATA["Optional[As an automation tester, I want to validate the add,delete, count available pets functionality of the Pet Store, using an automated script]"]]>
              </value>
            </param>
          </params>
          <reporter-output>
          </reporter-output>
        </test-method> <!-- runScenario -->
        <test-method signature="runScenario(io.cucumber.testng.PickleWrapper, io.cucumber.testng.FeatureWrapper)[pri:0, instance:runner.TestRunner@1c72da34]" started-at="2022-03-30T20:32:03 IST" name="runScenario" description="Runs Cucumber Scenarios" data-provider="scenarios" finished-at="2022-03-30T20:32:11 IST" duration-ms="7633" status="PASS">
          <params>
            <param index="0">
              <value>
                <![CDATA["Verify Customer is able to add and delete a pet from Pet Store"]]>
              </value>
            </param>
            <param index="1">
              <value>
                <![CDATA["Optional[As an automation tester, I want to validate the add,delete, count available pets functionality of the Pet Store, using an automated script]"]]>
              </value>
            </param>
          </params>
          <reporter-output>
          </reporter-output>
        </test-method> <!-- runScenario -->
        <test-method is-config="true" signature="tearDownClass()[pri:0, instance:runner.TestRunner@1c72da34]" started-at="2022-03-30T20:32:11 IST" name="tearDownClass" finished-at="2022-03-30T20:32:11 IST" duration-ms="4" status="PASS">
          <reporter-output>
          </reporter-output>
        </test-method> <!-- tearDownClass -->
      </class> <!-- runner.TestRunner -->
    </test> <!-- Login -->
  </suite> <!-- Selenium Cucumber TestNG -->
</testng-results>
