<?xml version="1.0" encoding="UTF-8"?>
<testng-results ignored="0" total="1" passed="1" failed="0" skipped="0">
  <reporter-output>
  </reporter-output>
  <suite started-at="2020-12-16T23:44:19 IST" name="DEMO BDD FRAMEWORK" finished-at="2020-12-16T23:44:45 IST" duration-ms="26392">
    <groups>
      <group name="cucumber">
        <method signature="AbstractTestNGCucumberTests.runScenario(io.cucumber.testng.PickleWrapper, io.cucumber.testng.FeatureWrapper)[pri:0, instance:runner.TestRunnerSamsungGalaxy@133e16fd]" name="runScenario" class="io.cucumber.testng.AbstractTestNGCucumberTests"/>
        <method signature="AbstractTestNGCucumberTests.runScenario(io.cucumber.testng.PickleWrapper, io.cucumber.testng.FeatureWrapper)[pri:0, instance:runner.TestRunnerViaoLaptop@32cf48b7]" name="runScenario" class="io.cucumber.testng.AbstractTestNGCucumberTests"/>
      </group> <!-- cucumber -->
    </groups>
    <test started-at="2020-12-16T23:44:19 IST" name="Order Vaio Laptop" finished-at="2020-12-16T23:44:45 IST" duration-ms="26392">
      <class name="runner.TestRunnerViaoLaptop">
        <test-method is-config="true" signature="setUpClass()[pri:0, instance:runner.TestRunnerViaoLaptop@32cf48b7]" started-at="2020-12-16T23:44:19 IST" name="setUpClass" finished-at="2020-12-16T23:44:19 IST" duration-ms="274" status="PASS">
          <reporter-output>
          </reporter-output>
        </test-method> <!-- setUpClass -->
        <test-method signature="runScenario(io.cucumber.testng.PickleWrapper, io.cucumber.testng.FeatureWrapper)[pri:0, instance:runner.TestRunnerViaoLaptop@32cf48b7]" started-at="2020-12-16T23:44:19 IST" name="runScenario" description="Runs Cucumber Scenarios" data-provider="scenarios" finished-at="2020-12-16T23:44:45 IST" duration-ms="26078" status="PASS">
          <params>
            <param index="0">
              <value>
                <![CDATA["Order a Nokia Lumia Phone"]]>
              </value>
            </param>
            <param index="1">
              <value>
                <![CDATA["Optional[Verify User is able to order Sony vaio Laptop using an automated Test]"]]>
              </value>
            </param>
          </params>
          <reporter-output>
          </reporter-output>
        </test-method> <!-- runScenario -->
        <test-method is-config="true" signature="tearDownClass()[pri:0, instance:runner.TestRunnerViaoLaptop@32cf48b7]" started-at="2020-12-16T23:44:45 IST" name="tearDownClass" finished-at="2020-12-16T23:44:45 IST" duration-ms="0" status="PASS">
          <reporter-output>
          </reporter-output>
        </test-method> <!-- tearDownClass -->
      </class> <!-- runner.TestRunnerViaoLaptop -->
    </test> <!-- Order Vaio Laptop -->
  </suite> <!-- DEMO BDD FRAMEWORK -->
</testng-results>
